<?xml version="1.0" encoding="UTF-8"?>
<!-- Generated by org.testng.reporters.JUnitReportReporter -->
<testsuite hostname="DESKTOP-V75K7NU" failures="0" tests="1" name="com.cucumber.test.CucumberRunner" time="7.748" errors="0" timestamp="2022-11-21T12:58:39 PST" skipped="0">
  <testcase classname="com.cucumber.test.CucumberRunner" name="runScenario" time="7.748"/>
  <system-out/>
</testsuite> <!-- com.cucumber.test.CucumberRunner -->
