<?xml version="1.0" encoding="UTF-8"?>
<!-- Generated by org.testng.reporters.JUnitReportReporter -->
<testsuite hostname="DESKTOP-V75K7NU" failures="0" tests="1" name="com.generic.CostcoWithTestNG" time="0.001" errors="0" timestamp="2022-12-20T10:46:03 PST" skipped="0">
  <testcase classname="com.generic.CostcoWithTestNG" name="loginTest" time="0.001"/>
  <system-out/>
</testsuite> <!-- com.generic.CostcoWithTestNG -->
