<?xml version="1.0" encoding="UTF-8"?>
<!-- Generated by org.testng.reporters.JUnitReportReporter -->
<testsuite hostname="DESKTOP-V75K7NU" failures="0" tests="3" name="com.testng.interviewpractice.SmokeTestWithTestNG" time="0.011" errors="0" timestamp="2022-12-17T11:10:26 PST" skipped="0">
  <testcase classname="com.testng.interviewpractice.SmokeTestWithTestNG" name="getLogin" time="0.007"/>
  <system-out/>
  <testcase classname="com.testng.interviewpractice.SmokeTestWithTestNG" name="getProduct" time="0.003"/>
  <system-out/>
  <testcase classname="com.testng.interviewpractice.SmokeTestWithTestNG" name="getCartFunction" time="0.001"/>
  <system-out/>
</testsuite> <!-- com.testng.interviewpractice.SmokeTestWithTestNG -->
