<?xml version="1.0" encoding="UTF-8"?>
<!-- Generated by org.testng.reporters.JUnitReportReporter -->
<testsuite hostname="DESKTOP-V75K7NU" failures="0" tests="1" name="com.testng.interviewpractice.PracticeTestNG" time="0.005" errors="0" timestamp="2022-12-19T21:26:47 PST" skipped="0">
  <testcase classname="com.testng.interviewpractice.PracticeTestNG" name="getsalary" time="0.005"/>
  <system-out/>
</testsuite> <!-- com.testng.interviewpractice.PracticeTestNG -->
