<?xml version="1.0" encoding="UTF-8"?>
<!-- Generated by org.testng.reporters.JUnitReportReporter -->
<testsuite hostname="DESKTOP-V75K7NU" failures="0" tests="1" name="com.regression.PracticeParametreAnnotationTestNG" time="0.009" errors="0" timestamp="2022-12-20T11:16:26 PST" skipped="0">
  <testcase classname="com.regression.PracticeParametreAnnotationTestNG" name="test" time="0.009"/>
  <system-out/>
</testsuite> <!-- com.regression.PracticeParametreAnnotationTestNG -->
