<?xml version="1.0" encoding="UTF-8"?>
<!-- Generated by org.testng.reporters.JUnitReportReporter -->
<testsuite hostname="DESKTOP-V75K7NU" failures="0" tests="1" name="com.generic.GoogleWithTestNG" time="0.019" errors="0" timestamp="2022-12-21T11:07:20 PST" skipped="0">
  <testcase classname="com.generic.GoogleWithTestNG" name="loginTest" time="0.019"/>
  <system-out/>
</testsuite> <!-- com.generic.GoogleWithTestNG -->
